c:\users\smile\desktop\ads\p62.0\project 6\code\project\texture packing\x64\debug\function.obj
c:\users\smile\desktop\ads\p62.0\project 6\code\project\texture packing\x64\debug\main.obj
c:\users\smile\desktop\ads\p62.0\project 6\code\project\texture packing\x64\debug\qrc_texturepacking.obj
c:\users\smile\desktop\ads\p62.0\project 6\code\project\texture packing\x64\debug\random.obj
c:\users\smile\desktop\ads\p62.0\project 6\code\project\texture packing\x64\debug\moc_texturepacking.obj
c:\users\smile\desktop\ads\p62.0\project 6\code\project\texture packing\x64\debug\texturepacking.obj
c:\users\smile\desktop\ads\p62.0\project 6\code\project\texture packing\x64\debug\sasffdh.obj
c:\users\smile\desktop\ads\p62.0\project 6\code\project\texture packing\x64\debug\texture.obj
c:\users\smile\desktop\ads\p62.0\project 6\code\project\texture packing\x64\debug\vc141.pdb
c:\users\smile\desktop\ads\p62.0\project 6\code\project\x64\debug\texture packing.ilk
c:\users\smile\desktop\ads\p62.0\project 6\code\project\x64\debug\texture packing.exe
c:\users\smile\desktop\ads\p62.0\project 6\code\project\x64\debug\texture packing.pdb
c:\users\smile\desktop\ads\p62.0\project 6\code\project\texture packing\x64\debug\texture packing.res
c:\users\smile\desktop\ads\p62.0\project 6\code\project\texture packing\generatedfiles\debug\moc_texturepacking.cpp
c:\users\smile\desktop\ads\p62.0\project 6\code\project\texture packing\generatedfiles\qrc_texturepacking.cpp
c:\users\smile\desktop\ads\p62.0\project 6\code\project\texture packing\generatedfiles\ui_texturepacking.h
c:\users\smile\desktop\ads\p62.0\project 6\code\project\texture packing\x64\debug\texture packing.tlog\cl.command.1.tlog
c:\users\smile\desktop\ads\p62.0\project 6\code\project\texture packing\x64\debug\texture packing.tlog\cl.read.1.tlog
c:\users\smile\desktop\ads\p62.0\project 6\code\project\texture packing\x64\debug\texture packing.tlog\cl.write.1.tlog
c:\users\smile\desktop\ads\p62.0\project 6\code\project\texture packing\x64\debug\texture packing.tlog\link.command.1.tlog
c:\users\smile\desktop\ads\p62.0\project 6\code\project\texture packing\x64\debug\texture packing.tlog\link.read.1.tlog
c:\users\smile\desktop\ads\p62.0\project 6\code\project\texture packing\x64\debug\texture packing.tlog\link.write.1.tlog
c:\users\smile\desktop\ads\p62.0\project 6\code\project\texture packing\x64\debug\texture packing.tlog\rc.command.1.tlog
c:\users\smile\desktop\ads\p62.0\project 6\code\project\texture packing\x64\debug\texture packing.tlog\rc.read.1.tlog
c:\users\smile\desktop\ads\p62.0\project 6\code\project\texture packing\x64\debug\texture packing.tlog\rc.write.1.tlog
c:\users\smile\desktop\ads\p62.0\project 6\code\project\texture packing\x64\debug\texture packing.tlog\texture packing.write.1u.tlog
